<?xml version="1.0" encoding="UTF-8"?>
<!-- Generated by org.testng.reporters.JUnitXMLReporter -->
<testsuite ignored="2" hostname="DESKTOP-RV81JHL" failures="0" tests="3" name="Surefire test" time="5.929" errors="0" timestamp="2023-05-23T20:42:57 IST">
  <testcase classname="com.test.jenstest.LoginTest" name="InvalidLoginTC01" time="2.225"/>
  <testcase classname="com.test.jenstest.LoginTest" name="validLoginTC02" time="3.594"/>
  <testcase classname="com.test.jenstest.LoginTest" name="verifyLogoTC03" time="0.001"/>
  <testcase classname="com.test.jenstest.BaseTest" name="@AfterSuite tierDown" time="0.0">
    <ignored/>
  </testcase> <!-- @AfterSuite tierDown -->
  <testcase classname="com.test.jenstest.BaseTest" name="@BeforeSuite initiation" time="0.0">
    <ignored/>
  </testcase> <!-- @BeforeSuite initiation -->
</testsuite> <!-- Surefire test -->
