<?xml version="1.0" encoding="UTF-8"?>
<!-- Generated by org.testng.reporters.JUnitXMLReporter -->
<testsuite ignored="0" hostname="DESKTOP-RV81JHL" failures="0" tests="3" name="Default test" time="6.006" errors="0" timestamp="2023-05-23T20:42:14 IST">
  <testcase classname="com.test.jenstest.LoginTest" name="InvalidLoginTC01" time="2.088"/>
  <testcase classname="com.test.jenstest.LoginTest" name="validLoginTC02" time="3.816"/>
  <testcase classname="com.test.jenstest.LoginTest" name="verifyLogoTC03" time="0.004"/>
</testsuite> <!-- Default test -->
