<?xml version="1.0" encoding="UTF-8"?>
<testng-results ignored="2" total="5" passed="3" failed="0" skipped="0">
  <reporter-output>
  </reporter-output>
  <suite started-at="2023-05-23T20:42:51 IST" name="Surefire suite" finished-at="2023-05-23T20:42:57 IST" duration-ms="5929">
    <groups>
    </groups>
    <test started-at="2023-05-23T20:42:51 IST" name="Surefire test" finished-at="2023-05-23T20:42:57 IST" duration-ms="5929">
      <class name="com.test.jenstest.LoginTest">
        <test-method signature="InvalidLoginTC01()[pri:0, instance:com.test.jenstest.LoginTest@1af2d44a]" started-at="2023-05-23T20:42:51 IST" name="InvalidLoginTC01" finished-at="2023-05-23T20:42:53 IST" duration-ms="2225" status="PASS">
          <reporter-output>
          </reporter-output>
        </test-method> <!-- InvalidLoginTC01 -->
        <test-method signature="validLoginTC02()[pri:0, instance:com.test.jenstest.LoginTest@1af2d44a]" started-at="2023-05-23T20:42:53 IST" name="validLoginTC02" finished-at="2023-05-23T20:42:57 IST" duration-ms="3594" status="PASS">
          <reporter-output>
          </reporter-output>
        </test-method> <!-- validLoginTC02 -->
        <test-method signature="verifyLogoTC03()[pri:0, instance:com.test.jenstest.LoginTest@1af2d44a]" started-at="2023-05-23T20:42:57 IST" name="verifyLogoTC03" finished-at="2023-05-23T20:42:57 IST" duration-ms="1" status="PASS">
          <reporter-output>
          </reporter-output>
        </test-method> <!-- verifyLogoTC03 -->
      </class> <!-- com.test.jenstest.LoginTest -->
      <class name="com.test.jenstest.BaseTest">
        <test-method is-config="true" signature="initiation()[pri:0, instance:com.test.jenstest.BaseTest@2fb3536e]" started-at="2023-05-23T20:42:46 IST" name="initiation" finished-at="2023-05-23T20:42:51 IST" duration-ms="4386" status="PASS">
          <reporter-output>
          </reporter-output>
        </test-method> <!-- initiation -->
        <test-method is-config="true" signature="tierDown()[pri:0, instance:com.test.jenstest.BaseTest@2fb3536e]" started-at="2023-05-23T20:42:57 IST" name="tierDown" finished-at="2023-05-23T20:42:57 IST" duration-ms="373" status="PASS">
          <reporter-output>
          </reporter-output>
        </test-method> <!-- tierDown -->
      </class> <!-- com.test.jenstest.BaseTest -->
    </test> <!-- Surefire test -->
  </suite> <!-- Surefire suite -->
</testng-results>
