<?xml version="1.0" encoding="UTF-8"?>
<testng-results ignored="0" total="3" passed="3" failed="0" skipped="0">
  <reporter-output>
  </reporter-output>
  <suite started-at="2023-05-23T20:42:08 IST" name="Default suite" finished-at="2023-05-23T20:42:14 IST" duration-ms="6006">
    <groups>
    </groups>
    <test started-at="2023-05-23T20:42:08 IST" name="Default test" finished-at="2023-05-23T20:42:14 IST" duration-ms="6006">
      <class name="com.test.jenstest.LoginTest">
        <test-method is-config="true" signature="initiation()[pri:0, instance:com.test.jenstest.LoginTest@196a42c3]" started-at="2023-05-23T20:42:04 IST" name="initiation" finished-at="2023-05-23T20:42:08 IST" duration-ms="4150" status="PASS">
          <reporter-output>
          </reporter-output>
        </test-method> <!-- initiation -->
        <test-method signature="InvalidLoginTC01()[pri:0, instance:com.test.jenstest.LoginTest@196a42c3]" started-at="2023-05-23T20:42:08 IST" name="InvalidLoginTC01" finished-at="2023-05-23T20:42:10 IST" duration-ms="2088" status="PASS">
          <reporter-output>
          </reporter-output>
        </test-method> <!-- InvalidLoginTC01 -->
        <test-method signature="validLoginTC02()[pri:0, instance:com.test.jenstest.LoginTest@196a42c3]" started-at="2023-05-23T20:42:10 IST" name="validLoginTC02" finished-at="2023-05-23T20:42:14 IST" duration-ms="3816" status="PASS">
          <reporter-output>
          </reporter-output>
        </test-method> <!-- validLoginTC02 -->
        <test-method signature="verifyLogoTC03()[pri:0, instance:com.test.jenstest.LoginTest@196a42c3]" started-at="2023-05-23T20:42:14 IST" name="verifyLogoTC03" finished-at="2023-05-23T20:42:14 IST" duration-ms="4" status="PASS">
          <reporter-output>
          </reporter-output>
        </test-method> <!-- verifyLogoTC03 -->
        <test-method is-config="true" signature="tierDown()[pri:0, instance:com.test.jenstest.LoginTest@196a42c3]" started-at="2023-05-23T20:42:14 IST" name="tierDown" finished-at="2023-05-23T20:42:14 IST" duration-ms="250" status="PASS">
          <reporter-output>
          </reporter-output>
        </test-method> <!-- tierDown -->
      </class> <!-- com.test.jenstest.LoginTest -->
    </test> <!-- Default test -->
  </suite> <!-- Default suite -->
</testng-results>
